<?xml version="1.0" encoding="UTF-8"?>
<rule>
    <discovery>
        <version>
            <service consumer-service-name="discovery-gray-service-a" provider-service-name="discovery-gray-service-b" consumer-version-value="1.0" provider-version-value="1.0"/>
            <service consumer-service-name="discovery-gray-service-a" provider-service-name="discovery-gray-service-b" consumer-version-value="1.1" provider-version-value="1.1"/>
        </version>

        <weight>
            <service consumer-service-name="discovery-gray-gateway" provider-service-name="discovery-gray-service-a" provider-weight-value="1.0=40;1.1=60" type="version"/>
            <service consumer-service-name="discovery-gray-zuul" provider-service-name="discovery-gray-service-a" provider-weight-value="1.0=40;1.1=60" type="version"/>
        </weight>
    </discovery>
</rule>