<?xml version="1.0" encoding="UTF-8"?>
<rule>
    <strategy>
        <region>{"discovery-gray-service-a":"dev", "discovery-gray-service-b":"dev"}</region>
    </strategy>
</rule>